{"level":"info","time":"2022-03-27T09:10:28Z","message":"Thank you for trying Cloudflare Tunnel. Doing so, without a Cloudflare account, is a quick way to experiment and try it out. However, be aware that these account-less Tunnels have no uptime guarantee. If you intend to use Tunnels in production you should use a pre-created named tunnel by following: https://developers.cloudflare.com/cloudflare-one/connections/connect-apps"}
{"level":"info","time":"2022-03-27T09:10:28Z","message":"Requesting new quick Tunnel on trycloudflare.com..."}
{"level":"info","time":"2022-03-27T09:10:30Z","message":"+--------------------------------------------------------------------------------------------+"}
{"level":"info","time":"2022-03-27T09:10:30Z","message":"|  Your quick Tunnel has been created! Visit it at (it may take some time to be reachable):  |"}
{"level":"info","time":"2022-03-27T09:10:30Z","message":"|  https://variance-thai-soonest-right.trycloudflare.com                                     |"}
{"level":"info","time":"2022-03-27T09:10:30Z","message":"+--------------------------------------------------------------------------------------------+"}
{"level":"info","time":"2022-03-27T09:10:30Z","message":"Cannot determine default configuration path. No file [config.yml config.yaml] in [~/.cloudflared ~/.cloudflare-warp ~/cloudflare-warp /etc/cloudflared /usr/local/etc/cloudflared]"}
{"level":"info","time":"2022-03-27T09:10:30Z","message":"Version 2022.3.4"}
{"level":"info","time":"2022-03-27T09:10:30Z","message":"GOOS: linux, GOVersion: go1.17.5, GoArch: amd64"}
{"level":"info","time":"2022-03-27T09:10:30Z","message":"Settings: map[logfile:.cld.log protocol:quic url:127.0.0.1:8080]"}
{"level":"info","autoupdateFreq":86400000,"time":"2022-03-27T09:10:30Z","message":"Autoupdate frequency is set"}
{"level":"info","time":"2022-03-27T09:10:30Z","message":"Generated Connector ID: eee9eb19-5915-42f5-a704-826b7ca35d36"}
{"level":"info","time":"2022-03-27T09:10:30Z","message":"Initial protocol quic"}
{"level":"info","time":"2022-03-27T09:10:30Z","message":"Starting metrics server on 127.0.0.1:35215/metrics"}
{"level":"error","connIndex":0,"error":"Unauthorized: Failed to get tunnel","time":"2022-03-27T09:10:30Z","message":"Failed to serve quic connection"}
{"level":"error","connIndex":0,"error":"Unauthorized: Failed to get tunnel","time":"2022-03-27T09:10:30Z","message":"Register tunnel error from server side"}
{"level":"info","connIndex":0,"time":"2022-03-27T09:10:31Z","message":"Retrying connection in up to 2s seconds"}
{"level":"info","connIndex":0,"location":"SIN","time":"2022-03-27T09:10:32Z","message":"Connection 8caa8040-43e8-490d-83a9-8f3df03b7600 registered"}
{"level":"info","connIndex":1,"location":"HKG","time":"2022-03-27T09:10:33Z","message":"Connection cdddd54f-f1e4-4f81-9353-1f70a0a19f20 registered"}
{"level":"info","connIndex":2,"location":"SIN","time":"2022-03-27T09:10:33Z","message":"Connection 397c5149-ad88-4d0b-81ab-aa3f12cfb770 registered"}
{"level":"info","connIndex":3,"location":"HKG","time":"2022-03-27T09:10:34Z","message":"Connection 3db4bb63-29b6-4fa2-9049-637d2d484172 registered"}
{"level":"info","connIndex":3,"time":"2022-03-27T11:59:50Z","message":"Unregistered tunnel connection"}
{"level":"error","time":"2022-03-27T11:59:50Z","message":"writing call: INTERNAL_ERROR: write udp [::]:45402->198.41.192.227:7844: sendto: network is unreachable"}
{"level":"error","time":"2022-03-27T11:59:50Z","message":"writing finish: INTERNAL_ERROR: write udp [::]:45402->198.41.192.227:7844: sendto: network is unreachable"}
{"level":"error","time":"2022-03-27T11:59:50Z","message":"writing release: INTERNAL_ERROR: write udp [::]:45402->198.41.192.227:7844: sendto: network is unreachable"}
{"level":"warn","connIndex":3,"error":"INTERNAL_ERROR: write udp [::]:45402->198.41.192.227:7844: sendto: network is unreachable","time":"2022-03-27T11:59:50Z","message":"Failed to serve quic connection"}
{"level":"warn","connIndex":3,"error":"INTERNAL_ERROR: write udp [::]:45402->198.41.192.227:7844: sendto: network is unreachable","time":"2022-03-27T11:59:50Z","message":"Serve tunnel error"}
{"level":"info","connIndex":3,"time":"2022-03-27T11:59:50Z","message":"Retrying connection in up to 1s seconds"}
{"level":"info","connIndex":2,"time":"2022-03-27T11:59:50Z","message":"Unregistered tunnel connection"}
{"level":"info","connIndex":0,"time":"2022-03-27T11:59:50Z","message":"Unregistered tunnel connection"}
{"level":"error","time":"2022-03-27T11:59:50Z","message":"writing release: INTERNAL_ERROR: write udp [::]:49231->198.41.200.233:7844: sendto: network is unreachable"}
{"level":"warn","connIndex":2,"error":"INTERNAL_ERROR: write udp [::]:49231->198.41.200.233:7844: sendto: network is unreachable","time":"2022-03-27T11:59:50Z","message":"Failed to serve quic connection"}
{"level":"warn","connIndex":2,"error":"INTERNAL_ERROR: write udp [::]:49231->198.41.200.233:7844: sendto: network is unreachable","time":"2022-03-27T11:59:50Z","message":"Serve tunnel error"}
{"level":"info","connIndex":2,"time":"2022-03-27T11:59:50Z","message":"Retrying connection in up to 1s seconds"}
{"level":"error","time":"2022-03-27T11:59:50Z","message":"writing release: INTERNAL_ERROR: write udp [::]:60070->198.41.200.13:7844: sendto: network is unreachable"}
{"level":"warn","connIndex":0,"error":"INTERNAL_ERROR: write udp [::]:60070->198.41.200.13:7844: sendto: network is unreachable","time":"2022-03-27T11:59:50Z","message":"Failed to serve quic connection"}
{"level":"warn","connIndex":0,"error":"INTERNAL_ERROR: write udp [::]:60070->198.41.200.13:7844: sendto: network is unreachable","time":"2022-03-27T11:59:50Z","message":"Serve tunnel error"}
{"level":"info","connIndex":0,"time":"2022-03-27T11:59:50Z","message":"Retrying connection in up to 1s seconds"}
{"level":"info","connIndex":1,"time":"2022-03-27T11:59:50Z","message":"Unregistered tunnel connection"}
{"level":"error","time":"2022-03-27T11:59:50Z","message":"writing release: INTERNAL_ERROR: write udp [::]:44563->198.41.192.47:7844: sendto: network is unreachable"}
{"level":"error","connIndex":1,"error":"INTERNAL_ERROR: write udp [::]:44563->198.41.192.47:7844: sendto: network is unreachable","time":"2022-03-27T11:59:50Z","message":"Failed to serve quic connection"}
{"level":"error","connIndex":1,"error":"INTERNAL_ERROR: write udp [::]:44563->198.41.192.47:7844: sendto: network is unreachable","time":"2022-03-27T11:59:50Z","message":"Serve tunnel error"}
{"level":"info","connIndex":1,"time":"2022-03-27T11:59:50Z","message":"Retrying connection in up to 1s seconds"}
{"level":"error","connIndex":3,"error":"failed to dial to edge: INTERNAL_ERROR: write udp [::]:38612->198.41.192.227:7844: sendto: network is unreachable","time":"2022-03-27T11:59:51Z","message":"Failed to create new quic connection"}
{"level":"error","connIndex":3,"error":"failed to dial to edge: INTERNAL_ERROR: write udp [::]:38612->198.41.192.227:7844: sendto: network is unreachable","time":"2022-03-27T11:59:51Z","message":"Serve tunnel error"}
{"level":"info","connIndex":3,"time":"2022-03-27T11:59:51Z","message":"Retrying connection in up to 4s seconds"}
{"level":"error","connIndex":2,"error":"failed to dial to edge: INTERNAL_ERROR: write udp [::]:49299->198.41.200.233:7844: sendto: network is unreachable","time":"2022-03-27T11:59:52Z","message":"Failed to create new quic connection"}
{"level":"error","connIndex":2,"error":"failed to dial to edge: INTERNAL_ERROR: write udp [::]:49299->198.41.200.233:7844: sendto: network is unreachable","time":"2022-03-27T11:59:52Z","message":"Serve tunnel error"}
{"level":"info","connIndex":2,"time":"2022-03-27T11:59:52Z","message":"Retrying connection in up to 4s seconds"}
{"level":"error","connIndex":1,"error":"failed to dial to edge: INTERNAL_ERROR: write udp [::]:34975->198.41.192.47:7844: sendto: network is unreachable","time":"2022-03-27T11:59:52Z","message":"Failed to create new quic connection"}
{"level":"error","connIndex":1,"error":"failed to dial to edge: INTERNAL_ERROR: write udp [::]:34975->198.41.192.47:7844: sendto: network is unreachable","time":"2022-03-27T11:59:52Z","message":"Serve tunnel error"}
{"level":"info","connIndex":1,"time":"2022-03-27T11:59:52Z","message":"Retrying connection in up to 4s seconds"}
{"level":"error","connIndex":0,"error":"failed to dial to edge: INTERNAL_ERROR: write udp [::]:51657->198.41.200.13:7844: sendto: network is unreachable","time":"2022-03-27T11:59:52Z","message":"Failed to create new quic connection"}
{"level":"error","connIndex":0,"error":"failed to dial to edge: INTERNAL_ERROR: write udp [::]:51657->198.41.200.13:7844: sendto: network is unreachable","time":"2022-03-27T11:59:52Z","message":"Serve tunnel error"}
{"level":"info","connIndex":0,"time":"2022-03-27T11:59:52Z","message":"Retrying connection in up to 4s seconds"}
{"level":"error","connIndex":0,"error":"failed to dial to edge: INTERNAL_ERROR: write udp [::]:43656->198.41.200.13:7844: sendto: network is unreachable","time":"2022-03-27T11:59:53Z","message":"Failed to create new quic connection"}
{"level":"error","connIndex":0,"error":"failed to dial to edge: INTERNAL_ERROR: write udp [::]:43656->198.41.200.13:7844: sendto: network is unreachable","time":"2022-03-27T11:59:53Z","message":"Serve tunnel error"}
{"level":"info","connIndex":0,"time":"2022-03-27T11:59:53Z","message":"Retrying connection in up to 8s seconds"}
{"level":"error","connIndex":0,"error":"failed to dial to edge: INTERNAL_ERROR: write udp [::]:52684->198.41.200.13:7844: sendto: network is unreachable","time":"2022-03-27T11:59:54Z","message":"Failed to create new quic connection"}
{"level":"error","connIndex":0,"error":"failed to dial to edge: INTERNAL_ERROR: write udp [::]:52684->198.41.200.13:7844: sendto: network is unreachable","time":"2022-03-27T11:59:54Z","message":"Serve tunnel error"}
{"level":"info","connIndex":0,"time":"2022-03-27T11:59:54Z","message":"Retrying connection in up to 16s seconds"}
{"level":"error","connIndex":3,"error":"failed to dial to edge: INTERNAL_ERROR: write udp [::]:45298->198.41.192.227:7844: sendto: network is unreachable","time":"2022-03-27T11:59:55Z","message":"Failed to create new quic connection"}
{"level":"error","connIndex":3,"error":"failed to dial to edge: INTERNAL_ERROR: write udp [::]:45298->198.41.192.227:7844: sendto: network is unreachable","time":"2022-03-27T11:59:55Z","message":"Serve tunnel error"}
{"level":"info","connIndex":3,"time":"2022-03-27T11:59:55Z","message":"Retrying connection in up to 8s seconds"}
{"level":"error","connIndex":1,"error":"failed to dial to edge: INTERNAL_ERROR: write udp [::]:34572->198.41.192.47:7844: sendto: network is unreachable","time":"2022-03-27T11:59:55Z","message":"Failed to create new quic connection"}
{"level":"error","connIndex":1,"error":"failed to dial to edge: INTERNAL_ERROR: write udp [::]:34572->198.41.192.47:7844: sendto: network is unreachable","time":"2022-03-27T11:59:55Z","message":"Serve tunnel error"}
{"level":"info","connIndex":1,"time":"2022-03-27T11:59:55Z","message":"Retrying connection in up to 8s seconds"}
{"level":"error","connIndex":2,"error":"failed to dial to edge: INTERNAL_ERROR: write udp [::]:36902->198.41.200.233:7844: sendto: network is unreachable","time":"2022-03-27T11:59:56Z","message":"Failed to create new quic connection"}
{"level":"error","connIndex":2,"error":"failed to dial to edge: INTERNAL_ERROR: write udp [::]:36902->198.41.200.233:7844: sendto: network is unreachable","time":"2022-03-27T11:59:56Z","message":"Serve tunnel error"}
{"level":"info","connIndex":2,"time":"2022-03-27T11:59:56Z","message":"Retrying connection in up to 8s seconds"}
{"level":"error","connIndex":1,"error":"failed to dial to edge: INTERNAL_ERROR: write udp [::]:43301->198.41.192.47:7844: sendto: network is unreachable","time":"2022-03-27T11:59:56Z","message":"Failed to create new quic connection"}
{"level":"error","connIndex":1,"error":"failed to dial to edge: INTERNAL_ERROR: write udp [::]:43301->198.41.192.47:7844: sendto: network is unreachable","time":"2022-03-27T11:59:56Z","message":"Serve tunnel error"}
{"level":"info","connIndex":1,"time":"2022-03-27T11:59:56Z","message":"Retrying connection in up to 16s seconds"}
{"level":"error","connIndex":2,"error":"failed to dial to edge: INTERNAL_ERROR: write udp [::]:53179->198.41.200.233:7844: sendto: network is unreachable","time":"2022-03-27T11:59:58Z","message":"Failed to create new quic connection"}
{"level":"error","connIndex":2,"error":"failed to dial to edge: INTERNAL_ERROR: write udp [::]:53179->198.41.200.233:7844: sendto: network is unreachable","time":"2022-03-27T11:59:58Z","message":"Serve tunnel error"}
{"level":"info","connIndex":2,"time":"2022-03-27T11:59:58Z","message":"Retrying connection in up to 16s seconds"}
{"level":"error","connIndex":1,"error":"Unauthorized: Failed to get tunnel","time":"2022-03-27T11:59:59Z","message":"Failed to serve quic connection"}
{"level":"error","connIndex":1,"error":"Unauthorized: Failed to get tunnel","time":"2022-03-27T11:59:59Z","message":"Register tunnel error from server side"}
{"level":"info","connIndex":1,"time":"2022-03-27T12:00:00Z","message":"Retrying connection in up to 32s seconds"}
{"level":"error","connIndex":2,"error":"Unauthorized: Failed to get tunnel","time":"2022-03-27T12:00:00Z","message":"Failed to serve quic connection"}
{"level":"error","connIndex":2,"error":"Unauthorized: Failed to get tunnel","time":"2022-03-27T12:00:00Z","message":"Register tunnel error from server side"}
{"level":"info","connIndex":2,"time":"2022-03-27T12:00:00Z","message":"Retrying connection in up to 32s seconds"}
{"level":"error","connIndex":3,"error":"Unauthorized: Failed to get tunnel","time":"2022-03-27T12:00:01Z","message":"Failed to serve quic connection"}
{"level":"error","connIndex":3,"error":"Unauthorized: Failed to get tunnel","time":"2022-03-27T12:00:01Z","message":"Register tunnel error from server side"}
{"level":"info","connIndex":3,"time":"2022-03-27T12:00:01Z","message":"Retrying connection in up to 16s seconds"}
{"level":"error","connIndex":0,"error":"Unauthorized: Failed to get tunnel","time":"2022-03-27T12:00:05Z","message":"Failed to serve quic connection"}
{"level":"error","connIndex":0,"error":"Unauthorized: Failed to get tunnel","time":"2022-03-27T12:00:05Z","message":"Register tunnel error from server side"}
{"level":"info","connIndex":0,"time":"2022-03-27T12:00:05Z","message":"Retrying connection in up to 32s seconds"}
{"level":"error","error":"Unauthorized: Failed to get tunnel","connIndex":1,"time":"2022-03-27T12:00:15Z","message":"Connection terminated"}
{"level":"error","connIndex":3,"error":"Unauthorized: Failed to get tunnel","time":"2022-03-27T12:00:16Z","message":"Failed to serve quic connection"}
{"level":"error","connIndex":3,"error":"Unauthorized: Failed to get tunnel","time":"2022-03-27T12:00:16Z","message":"Register tunnel error from server side"}
{"level":"info","connIndex":3,"time":"2022-03-27T12:00:16Z","message":"Retrying connection in up to 32s seconds"}
{"level":"error","connIndex":1,"error":"Unauthorized: Failed to get tunnel","time":"2022-03-27T12:00:20Z","message":"Failed to serve quic connection"}
{"level":"error","connIndex":1,"error":"Unauthorized: Failed to get tunnel","time":"2022-03-27T12:00:20Z","message":"Register tunnel error from server side"}
{"level":"info","connIndex":1,"time":"2022-03-27T12:00:20Z","message":"Retrying connection in up to 2s seconds"}
{"level":"error","connIndex":1,"error":"Unauthorized: Failed to get tunnel","time":"2022-03-27T12:00:21Z","message":"Failed to serve quic connection"}
{"level":"error","connIndex":1,"error":"Unauthorized: Failed to get tunnel","time":"2022-03-27T12:00:21Z","message":"Register tunnel error from server side"}
{"level":"info","connIndex":1,"time":"2022-03-27T12:00:21Z","message":"Retrying connection in up to 4s seconds"}
{"level":"error","connIndex":1,"error":"Unauthorized: Failed to get tunnel","time":"2022-03-27T12:00:22Z","message":"Failed to serve quic connection"}
{"level":"error","connIndex":1,"error":"Unauthorized: Failed to get tunnel","time":"2022-03-27T12:00:22Z","message":"Register tunnel error from server side"}
{"level":"info","connIndex":1,"time":"2022-03-27T12:00:22Z","message":"Retrying connection in up to 8s seconds"}
{"level":"error","connIndex":1,"error":"Unauthorized: Failed to get tunnel","time":"2022-03-27T12:00:24Z","message":"Failed to serve quic connection"}
{"level":"error","connIndex":1,"error":"Unauthorized: Failed to get tunnel","time":"2022-03-27T12:00:24Z","message":"Register tunnel error from server side"}
{"level":"info","connIndex":1,"time":"2022-03-27T12:00:24Z","message":"Retrying connection in up to 16s seconds"}
{"level":"error","error":"Unauthorized: Failed to get tunnel","connIndex":2,"time":"2022-03-27T12:00:25Z","message":"Connection terminated"}
{"level":"error","connIndex":1,"error":"Unauthorized: Failed to get tunnel","time":"2022-03-27T12:00:26Z","message":"Failed to serve quic connection"}
{"level":"error","connIndex":1,"error":"Unauthorized: Failed to get tunnel","time":"2022-03-27T12:00:26Z","message":"Register tunnel error from server side"}
{"level":"info","connIndex":1,"time":"2022-03-27T12:00:26Z","message":"Retrying connection in up to 32s seconds"}
{"level":"error","error":"Unauthorized: Failed to get tunnel","connIndex":3,"time":"2022-03-27T12:00:27Z","message":"Connection terminated"}
{"level":"error","error":"Unauthorized: Failed to get tunnel","connIndex":0,"time":"2022-03-27T12:00:30Z","message":"Connection terminated"}
{"level":"error","connIndex":3,"error":"Unauthorized: Failed to get tunnel","time":"2022-03-27T12:00:50Z","message":"Failed to serve quic connection"}
{"level":"error","connIndex":3,"error":"Unauthorized: Failed to get tunnel","time":"2022-03-27T12:00:50Z","message":"Register tunnel error from server side"}
{"level":"info","connIndex":3,"time":"2022-03-27T12:00:50Z","message":"Retrying connection in up to 2s seconds"}
{"level":"error","connIndex":0,"error":"Unauthorized: Failed to get tunnel","time":"2022-03-27T12:00:50Z","message":"Failed to serve quic connection"}
{"level":"error","connIndex":2,"error":"Unauthorized: Failed to get tunnel","time":"2022-03-27T12:00:50Z","message":"Failed to serve quic connection"}
{"level":"error","connIndex":0,"error":"Unauthorized: Failed to get tunnel","time":"2022-03-27T12:00:50Z","message":"Register tunnel error from server side"}
{"level":"info","connIndex":0,"time":"2022-03-27T12:00:50Z","message":"Retrying connection in up to 2s seconds"}
{"level":"error","connIndex":2,"error":"Unauthorized: Failed to get tunnel","time":"2022-03-27T12:00:50Z","message":"Register tunnel error from server side"}
{"level":"info","connIndex":2,"time":"2022-03-27T12:00:50Z","message":"Retrying connection in up to 2s seconds"}
{"level":"error","connIndex":0,"error":"Unauthorized: Failed to get tunnel","time":"2022-03-27T12:00:51Z","message":"Failed to serve quic connection"}
{"level":"error","connIndex":0,"error":"Unauthorized: Failed to get tunnel","time":"2022-03-27T12:00:51Z","message":"Register tunnel error from server side"}
{"level":"info","connIndex":0,"time":"2022-03-27T12:00:51Z","message":"Retrying connection in up to 4s seconds"}
{"level":"error","connIndex":3,"error":"Unauthorized: Failed to get tunnel","time":"2022-03-27T12:00:52Z","message":"Failed to serve quic connection"}
{"level":"error","connIndex":3,"error":"Unauthorized: Failed to get tunnel","time":"2022-03-27T12:00:52Z","message":"Register tunnel error from server side"}
{"level":"info","connIndex":3,"time":"2022-03-27T12:00:52Z","message":"Retrying connection in up to 4s seconds"}
{"level":"error","connIndex":0,"error":"Unauthorized: Failed to get tunnel","time":"2022-03-27T12:00:52Z","message":"Failed to serve quic connection"}
{"level":"error","connIndex":0,"error":"Unauthorized: Failed to get tunnel","time":"2022-03-27T12:00:52Z","message":"Register tunnel error from server side"}
{"level":"info","connIndex":0,"time":"2022-03-27T12:00:52Z","message":"Retrying connection in up to 8s seconds"}
{"level":"error","connIndex":2,"error":"Unauthorized: Failed to get tunnel","time":"2022-03-27T12:00:52Z","message":"Failed to serve quic connection"}
{"level":"error","connIndex":2,"error":"Unauthorized: Failed to get tunnel","time":"2022-03-27T12:00:52Z","message":"Register tunnel error from server side"}
{"level":"info","connIndex":2,"time":"2022-03-27T12:00:52Z","message":"Retrying connection in up to 4s seconds"}
{"level":"error","connIndex":0,"error":"Unauthorized: Failed to get tunnel","time":"2022-03-27T12:00:53Z","message":"Failed to serve quic connection"}
{"level":"error","connIndex":0,"error":"Unauthorized: Failed to get tunnel","time":"2022-03-27T12:00:53Z","message":"Register tunnel error from server side"}
{"level":"info","connIndex":0,"time":"2022-03-27T12:00:53Z","message":"Retrying connection in up to 16s seconds"}
{"level":"error","error":"Unauthorized: Failed to get tunnel","connIndex":1,"time":"2022-03-27T12:00:53Z","message":"Connection terminated"}
{"level":"error","connIndex":2,"error":"Unauthorized: Failed to get tunnel","time":"2022-03-27T12:00:54Z","message":"Failed to serve quic connection"}
{"level":"error","connIndex":2,"error":"Unauthorized: Failed to get tunnel","time":"2022-03-27T12:00:54Z","message":"Register tunnel error from server side"}
{"level":"info","connIndex":2,"time":"2022-03-27T12:00:54Z","message":"Retrying connection in up to 8s seconds"}
{"level":"error","connIndex":3,"error":"Unauthorized: Failed to get tunnel","time":"2022-03-27T12:00:54Z","message":"Failed to serve quic connection"}
{"level":"error","connIndex":3,"error":"Unauthorized: Failed to get tunnel","time":"2022-03-27T12:00:54Z","message":"Register tunnel error from server side"}
{"level":"info","connIndex":3,"time":"2022-03-27T12:00:54Z","message":"Retrying connection in up to 8s seconds"}
{"level":"error","connIndex":3,"error":"Unauthorized: Failed to get tunnel","time":"2022-03-27T12:00:58Z","message":"Failed to serve quic connection"}
{"level":"error","connIndex":3,"error":"Unauthorized: Failed to get tunnel","time":"2022-03-27T12:00:58Z","message":"Register tunnel error from server side"}
{"level":"info","connIndex":3,"time":"2022-03-27T12:00:58Z","message":"Retrying connection in up to 16s seconds"}
{"level":"error","connIndex":2,"error":"Unauthorized: Failed to get tunnel","time":"2022-03-27T12:00:59Z","message":"Failed to serve quic connection"}
{"level":"error","connIndex":2,"error":"Unauthorized: Failed to get tunnel","time":"2022-03-27T12:00:59Z","message":"Register tunnel error from server side"}
{"level":"info","connIndex":2,"time":"2022-03-27T12:00:59Z","message":"Retrying connection in up to 16s seconds"}
{"level":"error","connIndex":0,"error":"Unauthorized: Failed to get tunnel","time":"2022-03-27T12:01:00Z","message":"Failed to serve quic connection"}
{"level":"error","connIndex":0,"error":"Unauthorized: Failed to get tunnel","time":"2022-03-27T12:01:00Z","message":"Register tunnel error from server side"}
{"level":"info","connIndex":0,"time":"2022-03-27T12:01:00Z","message":"Retrying connection in up to 32s seconds"}
{"level":"error","error":"Unauthorized: Failed to get tunnel","connIndex":0,"time":"2022-03-27T12:01:01Z","message":"Connection terminated"}
{"level":"error","connIndex":3,"error":"Unauthorized: Failed to get tunnel","time":"2022-03-27T12:01:04Z","message":"Failed to serve quic connection"}
{"level":"error","connIndex":3,"error":"Unauthorized: Failed to get tunnel","time":"2022-03-27T12:01:04Z","message":"Register tunnel error from server side"}
{"level":"info","connIndex":3,"time":"2022-03-27T12:01:05Z","message":"Retrying connection in up to 32s seconds"}
{"level":"error","connIndex":2,"error":"Unauthorized: Failed to get tunnel","time":"2022-03-27T12:01:10Z","message":"Failed to serve quic connection"}
{"level":"error","connIndex":2,"error":"Unauthorized: Failed to get tunnel","time":"2022-03-27T12:01:10Z","message":"Register tunnel error from server side"}
{"level":"info","connIndex":2,"time":"2022-03-27T12:01:10Z","message":"Retrying connection in up to 32s seconds"}
{"level":"error","error":"Unauthorized: Failed to get tunnel","connIndex":3,"time":"2022-03-27T12:01:11Z","message":"Connection terminated"}
{"level":"error","error":"Unauthorized: Failed to get tunnel","connIndex":2,"time":"2022-03-27T12:01:22Z","message":"Connection terminated"}
{"level":"error","connIndex":3,"error":"Unauthorized: Failed to get tunnel","time":"2022-03-27T12:01:45Z","message":"Failed to serve quic connection"}
{"level":"error","connIndex":3,"error":"Unauthorized: Failed to get tunnel","time":"2022-03-27T12:01:45Z","message":"Register tunnel error from server side"}
{"level":"info","connIndex":3,"time":"2022-03-27T12:01:45Z","message":"Retrying connection in up to 2s seconds"}
{"level":"error","connIndex":1,"error":"Unauthorized: Failed to get tunnel","time":"2022-03-27T12:01:45Z","message":"Failed to serve quic connection"}
{"level":"error","connIndex":1,"error":"Unauthorized: Failed to get tunnel","time":"2022-03-27T12:01:45Z","message":"Register tunnel error from server side"}
{"level":"info","connIndex":1,"time":"2022-03-27T12:01:45Z","message":"Retrying connection in up to 2s seconds"}
{"level":"error","connIndex":0,"error":"Unauthorized: Failed to get tunnel","time":"2022-03-27T12:01:45Z","message":"Failed to serve quic connection"}
{"level":"error","connIndex":0,"error":"Unauthorized: Failed to get tunnel","time":"2022-03-27T12:01:45Z","message":"Register tunnel error from server side"}
{"level":"info","connIndex":0,"time":"2022-03-27T12:01:45Z","message":"Retrying connection in up to 2s seconds"}
{"level":"error","connIndex":2,"error":"Unauthorized: Failed to get tunnel","time":"2022-03-27T12:01:45Z","message":"Failed to serve quic connection"}
{"level":"error","connIndex":2,"error":"Unauthorized: Failed to get tunnel","time":"2022-03-27T12:01:45Z","message":"Register tunnel error from server side"}
{"level":"info","connIndex":2,"time":"2022-03-27T12:01:45Z","message":"Retrying connection in up to 2s seconds"}
{"level":"error","connIndex":1,"error":"Unauthorized: Failed to get tunnel","time":"2022-03-27T12:01:45Z","message":"Failed to serve quic connection"}
{"level":"error","connIndex":1,"error":"Unauthorized: Failed to get tunnel","time":"2022-03-27T12:01:45Z","message":"Register tunnel error from server side"}
{"level":"info","connIndex":1,"time":"2022-03-27T12:01:45Z","message":"Retrying connection in up to 4s seconds"}
{"level":"error","connIndex":2,"error":"Unauthorized: Failed to get tunnel","time":"2022-03-27T12:01:45Z","message":"Failed to serve quic connection"}
{"level":"error","connIndex":2,"error":"Unauthorized: Failed to get tunnel","time":"2022-03-27T12:01:45Z","message":"Register tunnel error from server side"}
{"level":"info","connIndex":2,"time":"2022-03-27T12:01:45Z","message":"Retrying connection in up to 4s seconds"}
{"level":"error","connIndex":3,"error":"Unauthorized: Failed to get tunnel","time":"2022-03-27T12:01:45Z","message":"Failed to serve quic connection"}
{"level":"error","connIndex":3,"error":"Unauthorized: Failed to get tunnel","time":"2022-03-27T12:01:45Z","message":"Register tunnel error from server side"}
{"level":"info","connIndex":3,"time":"2022-03-27T12:01:45Z","message":"Retrying connection in up to 4s seconds"}
{"level":"error","connIndex":0,"error":"Unauthorized: Failed to get tunnel","time":"2022-03-27T12:01:46Z","message":"Failed to serve quic connection"}
{"level":"error","connIndex":0,"error":"Unauthorized: Failed to get tunnel","time":"2022-03-27T12:01:46Z","message":"Register tunnel error from server side"}
{"level":"info","connIndex":0,"time":"2022-03-27T12:01:46Z","message":"Retrying connection in up to 4s seconds"}
{"level":"error","connIndex":2,"error":"Unauthorized: Failed to get tunnel","time":"2022-03-27T12:01:46Z","message":"Failed to serve quic connection"}
{"level":"error","connIndex":2,"error":"Unauthorized: Failed to get tunnel","time":"2022-03-27T12:01:46Z","message":"Register tunnel error from server side"}
{"level":"info","connIndex":2,"time":"2022-03-27T12:01:46Z","message":"Retrying connection in up to 8s seconds"}
{"level":"error","connIndex":1,"error":"Unauthorized: Failed to get tunnel","time":"2022-03-27T12:01:47Z","message":"Failed to serve quic connection"}
{"level":"error","connIndex":1,"error":"Unauthorized: Failed to get tunnel","time":"2022-03-27T12:01:47Z","message":"Register tunnel error from server side"}
{"level":"info","connIndex":1,"time":"2022-03-27T12:01:47Z","message":"Retrying connection in up to 8s seconds"}
{"level":"error","connIndex":3,"error":"Unauthorized: Failed to get tunnel","time":"2022-03-27T12:01:48Z","message":"Failed to serve quic connection"}
{"level":"error","connIndex":3,"error":"Unauthorized: Failed to get tunnel","time":"2022-03-27T12:01:48Z","message":"Register tunnel error from server side"}
{"level":"info","connIndex":3,"time":"2022-03-27T12:01:48Z","message":"Retrying connection in up to 8s seconds"}
{"level":"error","connIndex":1,"error":"Unauthorized: Failed to get tunnel","time":"2022-03-27T12:01:48Z","message":"Failed to serve quic connection"}
{"level":"error","connIndex":1,"error":"Unauthorized: Failed to get tunnel","time":"2022-03-27T12:01:48Z","message":"Register tunnel error from server side"}
{"level":"info","connIndex":1,"time":"2022-03-27T12:01:48Z","message":"Retrying connection in up to 16s seconds"}
{"level":"error","connIndex":0,"error":"Unauthorized: Failed to get tunnel","time":"2022-03-27T12:01:48Z","message":"Failed to serve quic connection"}
{"level":"error","connIndex":0,"error":"Unauthorized: Failed to get tunnel","time":"2022-03-27T12:01:48Z","message":"Register tunnel error from server side"}
{"level":"info","connIndex":0,"time":"2022-03-27T12:01:48Z","message":"Retrying connection in up to 8s seconds"}
{"level":"error","connIndex":2,"error":"Unauthorized: Failed to get tunnel","time":"2022-03-27T12:01:51Z","message":"Failed to serve quic connection"}
{"level":"error","connIndex":2,"error":"Unauthorized: Failed to get tunnel","time":"2022-03-27T12:01:51Z","message":"Register tunnel error from server side"}
{"level":"info","connIndex":2,"time":"2022-03-27T12:01:51Z","message":"Retrying connection in up to 16s seconds"}
{"level":"error","connIndex":1,"error":"Unauthorized: Failed to get tunnel","time":"2022-03-27T12:01:52Z","message":"Failed to serve quic connection"}
{"level":"error","connIndex":1,"error":"Unauthorized: Failed to get tunnel","time":"2022-03-27T12:01:52Z","message":"Register tunnel error from server side"}
{"level":"info","connIndex":1,"time":"2022-03-27T12:01:52Z","message":"Retrying connection in up to 32s seconds"}
{"level":"error","connIndex":0,"error":"Unauthorized: Failed to get tunnel","time":"2022-03-27T12:01:52Z","message":"Failed to serve quic connection"}
{"level":"error","connIndex":0,"error":"Unauthorized: Failed to get tunnel","time":"2022-03-27T12:01:52Z","message":"Register tunnel error from server side"}
{"level":"info","connIndex":0,"time":"2022-03-27T12:01:52Z","message":"Retrying connection in up to 16s seconds"}
{"level":"error","connIndex":3,"error":"Unauthorized: Failed to get tunnel","time":"2022-03-27T12:01:53Z","message":"Failed to serve quic connection"}
{"level":"error","connIndex":3,"error":"Unauthorized: Failed to get tunnel","time":"2022-03-27T12:01:53Z","message":"Register tunnel error from server side"}
{"level":"info","connIndex":3,"time":"2022-03-27T12:01:53Z","message":"Retrying connection in up to 16s seconds"}
{"level":"error","connIndex":2,"error":"Unauthorized: Failed to get tunnel","time":"2022-03-27T12:01:54Z","message":"Failed to serve quic connection"}
{"level":"error","connIndex":2,"error":"Unauthorized: Failed to get tunnel","time":"2022-03-27T12:01:54Z","message":"Register tunnel error from server side"}
{"level":"info","connIndex":2,"time":"2022-03-27T12:01:54Z","message":"Retrying connection in up to 32s seconds"}
{"level":"error","connIndex":0,"error":"Unauthorized: Failed to get tunnel","time":"2022-03-27T12:01:55Z","message":"Failed to serve quic connection"}
{"level":"error","connIndex":0,"error":"Unauthorized: Failed to get tunnel","time":"2022-03-27T12:01:55Z","message":"Register tunnel error from server side"}
{"level":"info","connIndex":0,"time":"2022-03-27T12:01:55Z","message":"Retrying connection in up to 32s seconds"}
{"level":"error","connIndex":3,"error":"Unauthorized: Failed to get tunnel","time":"2022-03-27T12:01:59Z","message":"Failed to serve quic connection"}
{"level":"error","connIndex":3,"error":"Unauthorized: Failed to get tunnel","time":"2022-03-27T12:01:59Z","message":"Register tunnel error from server side"}
{"level":"info","connIndex":3,"time":"2022-03-27T12:01:59Z","message":"Retrying connection in up to 32s seconds"}
{"level":"error","error":"Unauthorized: Failed to get tunnel","connIndex":0,"time":"2022-03-27T12:02:13Z","message":"Connection terminated"}
{"level":"error","error":"Unauthorized: Failed to get tunnel","connIndex":3,"time":"2022-03-27T12:02:14Z","message":"Connection terminated"}
{"level":"error","error":"Unauthorized: Failed to get tunnel","connIndex":2,"time":"2022-03-27T12:02:17Z","message":"Connection terminated"}
{"level":"error","error":"Unauthorized: Failed to get tunnel","connIndex":1,"time":"2022-03-27T12:02:22Z","message":"Connection terminated"}
{"level":"error","connIndex":1,"error":"Unauthorized: Failed to get tunnel","time":"2022-03-27T12:04:02Z","message":"Failed to serve quic connection"}
{"level":"error","connIndex":1,"error":"Unauthorized: Failed to get tunnel","time":"2022-03-27T12:04:02Z","message":"Register tunnel error from server side"}
{"level":"error","connIndex":3,"error":"Unauthorized: Failed to get tunnel","time":"2022-03-27T12:04:02Z","message":"Failed to serve quic connection"}
{"level":"error","connIndex":3,"error":"Unauthorized: Failed to get tunnel","time":"2022-03-27T12:04:02Z","message":"Register tunnel error from server side"}
{"level":"error","connIndex":2,"error":"Unauthorized: Failed to get tunnel","time":"2022-03-27T12:04:02Z","message":"Failed to serve quic connection"}
{"level":"error","connIndex":2,"error":"Unauthorized: Failed to get tunnel","time":"2022-03-27T12:04:02Z","message":"Register tunnel error from server side"}
{"level":"error","connIndex":0,"error":"Unauthorized: Failed to get tunnel","time":"2022-03-27T12:04:02Z","message":"Failed to serve quic connection"}
{"level":"error","connIndex":0,"error":"Unauthorized: Failed to get tunnel","time":"2022-03-27T12:04:02Z","message":"Register tunnel error from server side"}
{"level":"info","connIndex":3,"time":"2022-03-27T12:04:03Z","message":"Retrying connection in up to 2s seconds"}
{"level":"info","connIndex":1,"time":"2022-03-27T12:04:03Z","message":"Retrying connection in up to 2s seconds"}
{"level":"info","connIndex":0,"time":"2022-03-27T12:04:03Z","message":"Retrying connection in up to 2s seconds"}
{"level":"info","connIndex":2,"time":"2022-03-27T12:04:03Z","message":"Retrying connection in up to 2s seconds"}
{"level":"error","connIndex":1,"error":"Unauthorized: Failed to get tunnel","time":"2022-03-27T12:04:03Z","message":"Failed to serve quic connection"}
{"level":"error","connIndex":1,"error":"Unauthorized: Failed to get tunnel","time":"2022-03-27T12:04:03Z","message":"Register tunnel error from server side"}
{"level":"info","connIndex":1,"time":"2022-03-27T12:04:03Z","message":"Retrying connection in up to 4s seconds"}
{"level":"error","connIndex":3,"error":"Unauthorized: Failed to get tunnel","time":"2022-03-27T12:04:04Z","message":"Failed to serve quic connection"}
{"level":"error","connIndex":3,"error":"Unauthorized: Failed to get tunnel","time":"2022-03-27T12:04:04Z","message":"Register tunnel error from server side"}
{"level":"info","connIndex":3,"time":"2022-03-27T12:04:04Z","message":"Retrying connection in up to 4s seconds"}
{"level":"error","connIndex":0,"error":"Unauthorized: Failed to get tunnel","time":"2022-03-27T12:04:04Z","message":"Failed to serve quic connection"}
{"level":"error","connIndex":0,"error":"Unauthorized: Failed to get tunnel","time":"2022-03-27T12:04:04Z","message":"Register tunnel error from server side"}
{"level":"info","connIndex":0,"time":"2022-03-27T12:04:04Z","message":"Retrying connection in up to 4s seconds"}
{"level":"error","connIndex":2,"error":"Unauthorized: Failed to get tunnel","time":"2022-03-27T12:04:05Z","message":"Failed to serve quic connection"}
{"level":"error","connIndex":2,"error":"Unauthorized: Failed to get tunnel","time":"2022-03-27T12:04:05Z","message":"Register tunnel error from server side"}
{"level":"info","connIndex":2,"time":"2022-03-27T12:04:05Z","message":"Retrying connection in up to 4s seconds"}
{"level":"error","connIndex":1,"error":"Unauthorized: Failed to get tunnel","time":"2022-03-27T12:04:06Z","message":"Failed to serve quic connection"}
{"level":"error","connIndex":1,"error":"Unauthorized: Failed to get tunnel","time":"2022-03-27T12:04:06Z","message":"Register tunnel error from server side"}
{"level":"info","connIndex":1,"time":"2022-03-27T12:04:06Z","message":"Retrying connection in up to 8s seconds"}
{"level":"error","connIndex":2,"error":"Unauthorized: Failed to get tunnel","time":"2022-03-27T12:04:07Z","message":"Failed to serve quic connection"}
{"level":"error","connIndex":2,"error":"Unauthorized: Failed to get tunnel","time":"2022-03-27T12:04:07Z","message":"Register tunnel error from server side"}
{"level":"info","connIndex":2,"time":"2022-03-27T12:04:07Z","message":"Retrying connection in up to 8s seconds"}
{"level":"error","connIndex":0,"error":"Unauthorized: Failed to get tunnel","time":"2022-03-27T12:04:07Z","message":"Failed to serve quic connection"}
{"level":"error","connIndex":0,"error":"Unauthorized: Failed to get tunnel","time":"2022-03-27T12:04:07Z","message":"Register tunnel error from server side"}
{"level":"info","connIndex":0,"time":"2022-03-27T12:04:07Z","message":"Retrying connection in up to 8s seconds"}
{"level":"error","connIndex":3,"error":"Unauthorized: Failed to get tunnel","time":"2022-03-27T12:04:08Z","message":"Failed to serve quic connection"}
{"level":"error","connIndex":3,"error":"Unauthorized: Failed to get tunnel","time":"2022-03-27T12:04:08Z","message":"Register tunnel error from server side"}
{"level":"info","connIndex":3,"time":"2022-03-27T12:04:08Z","message":"Retrying connection in up to 8s seconds"}
{"level":"error","connIndex":1,"error":"Unauthorized: Failed to get tunnel","time":"2022-03-27T12:04:09Z","message":"Failed to serve quic connection"}
{"level":"error","connIndex":1,"error":"Unauthorized: Failed to get tunnel","time":"2022-03-27T12:04:09Z","message":"Register tunnel error from server side"}
{"level":"info","connIndex":1,"time":"2022-03-27T12:04:09Z","message":"Retrying connection in up to 16s seconds"}
{"level":"error","connIndex":2,"error":"Unauthorized: Failed to get tunnel","time":"2022-03-27T12:04:10Z","message":"Failed to serve quic connection"}
{"level":"error","connIndex":2,"error":"Unauthorized: Failed to get tunnel","time":"2022-03-27T12:04:10Z","message":"Register tunnel error from server side"}
{"level":"info","connIndex":2,"time":"2022-03-27T12:04:10Z","message":"Retrying connection in up to 16s seconds"}
{"level":"error","connIndex":2,"error":"Unauthorized: Failed to get tunnel","time":"2022-03-27T12:04:13Z","message":"Failed to serve quic connection"}
{"level":"error","connIndex":2,"error":"Unauthorized: Failed to get tunnel","time":"2022-03-27T12:04:13Z","message":"Register tunnel error from server side"}
{"level":"info","connIndex":2,"time":"2022-03-27T12:04:13Z","message":"Retrying connection in up to 32s seconds"}
{"level":"error","connIndex":0,"error":"Unauthorized: Failed to get tunnel","time":"2022-03-27T12:04:13Z","message":"Failed to serve quic connection"}
{"level":"error","connIndex":0,"error":"Unauthorized: Failed to get tunnel","time":"2022-03-27T12:04:13Z","message":"Register tunnel error from server side"}
{"level":"info","connIndex":0,"time":"2022-03-27T12:04:13Z","message":"Retrying connection in up to 16s seconds"}
{"level":"error","error":"Unauthorized: Failed to get tunnel","connIndex":2,"time":"2022-03-27T12:04:14Z","message":"Connection terminated"}
{"level":"error","connIndex":3,"error":"Unauthorized: Failed to get tunnel","time":"2022-03-27T12:04:14Z","message":"Failed to serve quic connection"}
{"level":"error","connIndex":3,"error":"Unauthorized: Failed to get tunnel","time":"2022-03-27T12:04:14Z","message":"Register tunnel error from server side"}
{"level":"info","connIndex":3,"time":"2022-03-27T12:04:14Z","message":"Retrying connection in up to 16s seconds"}
{"level":"error","connIndex":1,"error":"Unauthorized: Failed to get tunnel","time":"2022-03-27T12:04:14Z","message":"Failed to serve quic connection"}
{"level":"error","connIndex":1,"error":"Unauthorized: Failed to get tunnel","time":"2022-03-27T12:04:14Z","message":"Register tunnel error from server side"}
{"level":"info","connIndex":1,"time":"2022-03-27T12:04:14Z","message":"Retrying connection in up to 32s seconds"}
{"level":"error","connIndex":3,"error":"Unauthorized: Failed to get tunnel","time":"2022-03-27T12:04:20Z","message":"Failed to serve quic connection"}
{"level":"error","connIndex":3,"error":"Unauthorized: Failed to get tunnel","time":"2022-03-27T12:04:20Z","message":"Register tunnel error from server side"}
{"level":"info","connIndex":3,"time":"2022-03-27T12:04:20Z","message":"Retrying connection in up to 32s seconds"}
{"level":"error","connIndex":0,"error":"Unauthorized: Failed to get tunnel","time":"2022-03-27T12:04:28Z","message":"Failed to serve quic connection"}
{"level":"error","connIndex":0,"error":"Unauthorized: Failed to get tunnel","time":"2022-03-27T12:04:28Z","message":"Register tunnel error from server side"}
{"level":"info","connIndex":0,"time":"2022-03-27T12:04:28Z","message":"Retrying connection in up to 32s seconds"}
{"level":"error","error":"Unauthorized: Failed to get tunnel","connIndex":1,"time":"2022-03-27T12:04:30Z","message":"Connection terminated"}
{"level":"error","error":"Unauthorized: Failed to get tunnel","connIndex":0,"time":"2022-03-27T12:04:37Z","message":"Connection terminated"}
{"level":"error","error":"Unauthorized: Failed to get tunnel","connIndex":3,"time":"2022-03-27T12:04:37Z","message":"Connection terminated"}
{"level":"error","connIndex":1,"error":"Unauthorized: Failed to get tunnel","time":"2022-03-27T12:09:02Z","message":"Failed to serve quic connection"}
{"level":"error","connIndex":1,"error":"Unauthorized: Failed to get tunnel","time":"2022-03-27T12:09:02Z","message":"Register tunnel error from server side"}
{"level":"error","connIndex":3,"error":"Unauthorized: Failed to get tunnel","time":"2022-03-27T12:09:02Z","message":"Failed to serve quic connection"}
{"level":"error","connIndex":3,"error":"Unauthorized: Failed to get tunnel","time":"2022-03-27T12:09:02Z","message":"Register tunnel error from server side"}
{"level":"error","connIndex":2,"error":"Unauthorized: Failed to get tunnel","time":"2022-03-27T12:09:02Z","message":"Failed to serve quic connection"}
{"level":"error","connIndex":2,"error":"Unauthorized: Failed to get tunnel","time":"2022-03-27T12:09:02Z","message":"Register tunnel error from server side"}
{"level":"error","connIndex":0,"error":"Unauthorized: Failed to get tunnel","time":"2022-03-27T12:09:02Z","message":"Failed to serve quic connection"}
{"level":"error","connIndex":0,"error":"Unauthorized: Failed to get tunnel","time":"2022-03-27T12:09:02Z","message":"Register tunnel error from server side"}
{"level":"info","connIndex":0,"time":"2022-03-27T12:09:03Z","message":"Retrying connection in up to 2s seconds"}
{"level":"info","connIndex":2,"time":"2022-03-27T12:09:03Z","message":"Retrying connection in up to 2s seconds"}
{"level":"info","connIndex":3,"time":"2022-03-27T12:09:03Z","message":"Retrying connection in up to 2s seconds"}
{"level":"info","connIndex":1,"time":"2022-03-27T12:09:03Z","message":"Retrying connection in up to 2s seconds"}
{"level":"error","connIndex":1,"error":"Unauthorized: Failed to get tunnel","time":"2022-03-27T12:09:03Z","message":"Failed to serve quic connection"}
{"level":"error","connIndex":1,"error":"Unauthorized: Failed to get tunnel","time":"2022-03-27T12:09:03Z","message":"Register tunnel error from server side"}
{"level":"info","connIndex":1,"time":"2022-03-27T12:09:03Z","message":"Retrying connection in up to 4s seconds"}
{"level":"error","connIndex":0,"error":"Unauthorized: Failed to get tunnel","time":"2022-03-27T12:09:04Z","message":"Failed to serve quic connection"}
{"level":"error","connIndex":0,"error":"Unauthorized: Failed to get tunnel","time":"2022-03-27T12:09:04Z","message":"Register tunnel error from server side"}
{"level":"info","connIndex":0,"time":"2022-03-27T12:09:04Z","message":"Retrying connection in up to 4s seconds"}
{"level":"error","connIndex":2,"error":"Unauthorized: Failed to get tunnel","time":"2022-03-27T12:09:04Z","message":"Failed to serve quic connection"}
{"level":"error","connIndex":2,"error":"Unauthorized: Failed to get tunnel","time":"2022-03-27T12:09:04Z","message":"Register tunnel error from server side"}
{"level":"info","connIndex":2,"time":"2022-03-27T12:09:04Z","message":"Retrying connection in up to 4s seconds"}
{"level":"error","connIndex":3,"error":"Unauthorized: Failed to get tunnel","time":"2022-03-27T12:09:04Z","message":"Failed to serve quic connection"}
{"level":"error","connIndex":3,"error":"Unauthorized: Failed to get tunnel","time":"2022-03-27T12:09:04Z","message":"Register tunnel error from server side"}
{"level":"info","connIndex":3,"time":"2022-03-27T12:09:04Z","message":"Retrying connection in up to 4s seconds"}
{"level":"error","connIndex":1,"error":"Unauthorized: Failed to get tunnel","time":"2022-03-27T12:09:05Z","message":"Failed to serve quic connection"}
{"level":"error","connIndex":1,"error":"Unauthorized: Failed to get tunnel","time":"2022-03-27T12:09:05Z","message":"Register tunnel error from server side"}
{"level":"info","connIndex":1,"time":"2022-03-27T12:09:05Z","message":"Retrying connection in up to 8s seconds"}
{"level":"error","connIndex":2,"error":"Unauthorized: Failed to get tunnel","time":"2022-03-27T12:09:06Z","message":"Failed to serve quic connection"}
{"level":"error","connIndex":2,"error":"Unauthorized: Failed to get tunnel","time":"2022-03-27T12:09:06Z","message":"Register tunnel error from server side"}
{"level":"info","connIndex":2,"time":"2022-03-27T12:09:06Z","message":"Retrying connection in up to 8s seconds"}
{"level":"error","connIndex":0,"error":"Unauthorized: Failed to get tunnel","time":"2022-03-27T12:09:07Z","message":"Failed to serve quic connection"}
{"level":"error","connIndex":0,"error":"Unauthorized: Failed to get tunnel","time":"2022-03-27T12:09:07Z","message":"Register tunnel error from server side"}
{"level":"info","connIndex":0,"time":"2022-03-27T12:09:07Z","message":"Retrying connection in up to 8s seconds"}
{"level":"error","connIndex":3,"error":"Unauthorized: Failed to get tunnel","time":"2022-03-27T12:09:08Z","message":"Failed to serve quic connection"}
{"level":"error","connIndex":3,"error":"Unauthorized: Failed to get tunnel","time":"2022-03-27T12:09:08Z","message":"Register tunnel error from server side"}
{"level":"info","connIndex":3,"time":"2022-03-27T12:09:08Z","message":"Retrying connection in up to 8s seconds"}
{"level":"error","connIndex":2,"error":"Unauthorized: Failed to get tunnel","time":"2022-03-27T12:09:08Z","message":"Failed to serve quic connection"}
{"level":"error","connIndex":2,"error":"Unauthorized: Failed to get tunnel","time":"2022-03-27T12:09:08Z","message":"Register tunnel error from server side"}
{"level":"info","connIndex":2,"time":"2022-03-27T12:09:08Z","message":"Retrying connection in up to 16s seconds"}
{"level":"error","connIndex":3,"error":"Unauthorized: Failed to get tunnel","time":"2022-03-27T12:09:09Z","message":"Failed to serve quic connection"}
{"level":"error","connIndex":3,"error":"Unauthorized: Failed to get tunnel","time":"2022-03-27T12:09:09Z","message":"Register tunnel error from server side"}
{"level":"info","connIndex":3,"time":"2022-03-27T12:09:09Z","message":"Retrying connection in up to 16s seconds"}
{"level":"error","connIndex":1,"error":"Unauthorized: Failed to get tunnel","time":"2022-03-27T12:09:09Z","message":"Failed to serve quic connection"}
{"level":"error","connIndex":1,"error":"Unauthorized: Failed to get tunnel","time":"2022-03-27T12:09:09Z","message":"Register tunnel error from server side"}
{"level":"info","connIndex":1,"time":"2022-03-27T12:09:09Z","message":"Retrying connection in up to 16s seconds"}
{"level":"error","connIndex":0,"error":"Unauthorized: Failed to get tunnel","time":"2022-03-27T12:09:14Z","message":"Failed to serve quic connection"}
{"level":"error","connIndex":0,"error":"Unauthorized: Failed to get tunnel","time":"2022-03-27T12:09:14Z","message":"Register tunnel error from server side"}
{"level":"info","connIndex":0,"time":"2022-03-27T12:09:14Z","message":"Retrying connection in up to 16s seconds"}
{"level":"error","connIndex":2,"error":"Unauthorized: Failed to get tunnel","time":"2022-03-27T12:09:14Z","message":"Failed to serve quic connection"}
{"level":"error","connIndex":2,"error":"Unauthorized: Failed to get tunnel","time":"2022-03-27T12:09:14Z","message":"Register tunnel error from server side"}
{"level":"info","connIndex":2,"time":"2022-03-27T12:09:14Z","message":"Retrying connection in up to 32s seconds"}
{"level":"error","connIndex":1,"error":"Unauthorized: Failed to get tunnel","time":"2022-03-27T12:09:16Z","message":"Failed to serve quic connection"}
{"level":"error","connIndex":1,"error":"Unauthorized: Failed to get tunnel","time":"2022-03-27T12:09:16Z","message":"Register tunnel error from server side"}
{"level":"info","connIndex":1,"time":"2022-03-27T12:09:16Z","message":"Retrying connection in up to 32s seconds"}
{"level":"error","connIndex":3,"error":"Unauthorized: Failed to get tunnel","time":"2022-03-27T12:09:17Z","message":"Failed to serve quic connection"}
{"level":"error","connIndex":3,"error":"Unauthorized: Failed to get tunnel","time":"2022-03-27T12:09:17Z","message":"Register tunnel error from server side"}
{"level":"info","connIndex":3,"time":"2022-03-27T12:09:17Z","message":"Retrying connection in up to 32s seconds"}
{"level":"info","time":"2022-03-27T12:09:19Z","message":"Initiating graceful shutdown due to signal terminated ..."}
{"level":"info","time":"2022-03-27T12:09:19Z","message":"Tunnel server stopped"}
